[     354ms] [INFO] %cDownload the React DevTools for a better development experience: https://react.dev/link/react-devtools font-weight:bold @ http://localhost:3000/_next/static/chunks/044s_next_dist_0~_ocdy._.js:2431
[     390ms] [LOG] [HMR] connected @ http://localhost:3000/_next/static/chunks/044s_next_dist_0~_ocdy._.js:2431
[     461ms] Error: Hydration failed because the server rendered HTML didn't match the client. As a result this tree will be regenerated on the client. This can happen if a SSR-ed Client Component used:

- A server/client branch `if (typeof window !== 'undefined')`.
- Variable input such as `Date.now()` or `Math.random()` which changes each time it's called.
- Date formatting in a user's locale which doesn't match the server.
- External changing data without sending a snapshot of it along with the HTML.
- Invalid HTML tag nesting.

It can also happen if the client has a browser extension installed which messes with the HTML before React loaded.

https://react.dev/link/hydration-mismatch

  ...
    <InnerLayoutRouter url="/" tree={[...]} params={{}} cacheNode={{rsc:{...}, ...}} segmentPath={[...]} ...>
      <SegmentViewNode type="page" pagePath="page.tsx">
        <SegmentTrieNode>
        <Home>
          <PublicShell>
            <div className="page-shell">
              <PublicHeader>
                <header className="sticky top...">
                  ...
                    <Dialog>
                      <DialogProvider scope={undefined} triggerRef={{current:null}} contentRef={{current:null}} ...>
                        <DialogTrigger asChild={true}>
                          <Primitive.button type="button" aria-haspopup="dialog" aria-expanded={false} ...>
                            <Primitive.button.Slot type="button" aria-haspopup="dialog" aria-expanded={false} ...>
                              <Primitive.button.SlotClone type="button" aria-haspopup="dialog" aria-expanded={false} ...>
+                               <button
+                                 className={"inline-flex items-center justify-center gap-2 whitespace-nowrap font-se..."}
+                                 type="button"
+                                 aria-haspopup="dialog"
+                                 aria-expanded={false}
+                                 aria-controls="radix-_R_fclrlb_"
+                                 data-state="closed"
+                                 onClick={function handleEvent}
+                                 ref={function}
+                               >
                        ...
              ...
      ...

    at throwOnHydrationMismatch (http://localhost:3000/_next/static/chunks/044s_next_dist_compiled_react-dom_0-~c8.d._.js:3318:56)
    at beginWork (http://localhost:3000/_next/static/chunks/044s_next_dist_compiled_react-dom_0-~c8.d._.js:6758:918)
    at runWithFiberInDEV (http://localhost:3000/_next/static/chunks/044s_next_dist_compiled_react-dom_0-~c8.d._.js:965:74)
    at performUnitOfWork (http://localhost:3000/_next/static/chunks/044s_next_dist_compiled_react-dom_0-~c8.d._.js:9555:97)
    at workLoopConcurrentByScheduler (http://localhost:3000/_next/static/chunks/044s_next_dist_compiled_react-dom_0-~c8.d._.js:9551:58)
    at renderRootConcurrent (http://localhost:3000/_next/static/chunks/044s_next_dist_compiled_react-dom_0-~c8.d._.js:9534:71)
    at performWorkOnRoot (http://localhost:3000/_next/static/chunks/044s_next_dist_compiled_react-dom_0-~c8.d._.js:9061:150)
    at performWorkOnRootViaSchedulerTask (http://localhost:3000/_next/static/chunks/044s_next_dist_compiled_react-dom_0-~c8.d._.js:10255:9)
    at MessagePort.performWorkUntilDeadline (http://localhost:3000/_next/static/chunks/044s_next_dist_compiled_11ryzwx._.js:2647:64)
[   67377ms] [LOG] [Fast Refresh] rebuilding @ http://localhost:3000/_next/static/chunks/044s_next_dist_0~_ocdy._.js:2431
[   67588ms] [LOG] [Fast Refresh] done in 190ms @ http://localhost:3000/_next/static/chunks/044s_next_dist_0~_ocdy._.js:2431
[   68305ms] [LOG] [Fast Refresh] rebuilding @ http://localhost:3000/_next/static/chunks/044s_next_dist_0~_ocdy._.js:2431
[   68611ms] [LOG] [Fast Refresh] done in 407ms @ http://localhost:3000/_next/static/chunks/044s_next_dist_0~_ocdy._.js:2431
[  120742ms] [LOG] [Fast Refresh] rebuilding @ http://localhost:3000/_next/static/chunks/044s_next_dist_0~_ocdy._.js:2431
[  120790ms] [LOG] [Fast Refresh] done in 47ms @ http://localhost:3000/_next/static/chunks/044s_next_dist_0~_ocdy._.js:2431
