[     381ms] [INFO] %cDownload the React DevTools for a better development experience: https://react.dev/link/react-devtools font-weight:bold @ http://localhost:3000/_next/static/chunks/044s_next_dist_0~_ocdy._.js:2431
[     419ms] [LOG] [HMR] connected @ http://localhost:3000/_next/static/chunks/044s_next_dist_0~_ocdy._.js:2431
[     475ms] [ERROR] Encountered a script tag while rendering React component. Scripts inside React components are never executed when rendering on the client. Consider using template tag instead (https://developer.mozilla.org/en-US/docs/Web/HTML/Element/template). @ http://localhost:3000/_next/static/chunks/044s_next_dist_0~_ocdy._.js:3272
[     506ms] Error: Hydration failed because the server rendered HTML didn't match the client. As a result this tree will be regenerated on the client. This can happen if a SSR-ed Client Component used:

- A server/client branch `if (typeof window !== 'undefined')`.
- Variable input such as `Date.now()` or `Math.random()` which changes each time it's called.
- Date formatting in a user's locale which doesn't match the server.
- External changing data without sending a snapshot of it along with the HTML.
- Invalid HTML tag nesting.

It can also happen if the client has a browser extension installed which messes with the HTML before React loaded.

https://react.dev/link/hydration-mismatch

  ...
    <SegmentViewNode type="page" pagePath="inventory/...">
      <SegmentTrieNode>
      <InventoryPage>
        <div className="min-h-scre...">
          <nav className="sticky top...">
            <div className="container ...">
              <div className="flex h-16 ...">
                <LinkComponent>
                <div>
                <div className="flex items...">
                  <LinkComponent>
                  <Dialog>
                    <DialogProvider scope={undefined} triggerRef={{current:null}} contentRef={{current:null}} ...>
                      <DialogTrigger asChild={true}>
                        <Primitive.button type="button" aria-haspopup="dialog" aria-expanded={false} ...>
                          <Primitive.button.Slot type="button" aria-haspopup="dialog" aria-expanded={false} ...>
                            <Primitive.button.SlotClone type="button" aria-haspopup="dialog" aria-expanded={false} ...>
+                             <button
+                               className={"inline-flex items-center justify-center gap-2 whitespace-nowrap rounded-m..."}
+                               type="button"
+                               aria-haspopup="dialog"
+                               aria-expanded={false}
+                               aria-controls="radix-_R_2r5esnelb_"
+                               data-state="closed"
+                               onClick={function handleEvent}
+                               ref={function}
+                             >
                      ...
          ...
    ...

    at throwOnHydrationMismatch (http://localhost:3000/_next/static/chunks/044s_next_dist_compiled_react-dom_0-~c8.d._.js:3318:56)
    at beginWork (http://localhost:3000/_next/static/chunks/044s_next_dist_compiled_react-dom_0-~c8.d._.js:6758:918)
    at runWithFiberInDEV (http://localhost:3000/_next/static/chunks/044s_next_dist_compiled_react-dom_0-~c8.d._.js:965:74)
    at performUnitOfWork (http://localhost:3000/_next/static/chunks/044s_next_dist_compiled_react-dom_0-~c8.d._.js:9555:97)
    at workLoopConcurrentByScheduler (http://localhost:3000/_next/static/chunks/044s_next_dist_compiled_react-dom_0-~c8.d._.js:9551:58)
    at renderRootConcurrent (http://localhost:3000/_next/static/chunks/044s_next_dist_compiled_react-dom_0-~c8.d._.js:9534:71)
    at performWorkOnRoot (http://localhost:3000/_next/static/chunks/044s_next_dist_compiled_react-dom_0-~c8.d._.js:9061:150)
    at performWorkOnRootViaSchedulerTask (http://localhost:3000/_next/static/chunks/044s_next_dist_compiled_react-dom_0-~c8.d._.js:10255:9)
    at MessagePort.performWorkUntilDeadline (http://localhost:3000/_next/static/chunks/044s_next_dist_compiled_11ryzwx._.js:2647:64)
[     498ms] [WARNING] Image with src "/_next/static/media/jfautologo.0_~ujcsm5gem9.png" has either width or height modified, but not the other. If you use CSS to change the size of your image, also include the styles 'width: "auto"' or 'height: "auto"' to maintain the aspect ratio. @ http://localhost:3000/_next/static/chunks/044s_next_dist_0~_ocdy._.js:2431
[  797195ms] [LOG] [Fast Refresh] rebuilding @ http://localhost:3000/_next/static/chunks/044s_next_dist_0~_ocdy._.js:2431
[  798015ms] [ERROR] ./dev/saas/jandfauto/app/globals.css
Error evaluating Node.js code
CssSyntaxError: /Users/isiahchillous/dev/saas/jandfauto/app/globals.css:139:5: The `border-white/8` class does not exist. If `border-white/8` is a custom class, make sure it is defined within a `@layer` directive.
    [at Input.error (turbopack:///[project]/dev/saas/jandfauto/node_modules/postcss/lib/input.js:135:16)]
    [at AtRule.error (turbopack:///[project]/dev/saas/jandfauto/node_modules/postcss/lib/node.js:146:32)]
    [at processApply (/Users/isiahchillous/dev/saas/jandfauto/node_modules/tailwindcss/lib/lib/expandApplyAtRules.js:380:29)]
    [at /Users/isiahchillous/dev/saas/jandfauto/node_modules/tailwindcss/lib/lib/expandApplyAtRules.js:551:9]
    [at /Users/isiahchillous/dev/saas/jandfauto/node_modules/tailwindcss/lib/processTailwindFeatures.js:55:50]
    [at async plugins (/Users/isiahchillous/dev/saas/jandfauto/node_modules/tailwindcss/lib/plugin.js:38:17)]
    [at async LazyResult.runAsync (turbopack:///[project]/dev/saas/jandfauto/node_modules/postcss/lib/lazy-result.js:293:11)]
    [at async transform (turbopack:///[turbopack-node]/transforms/postcss.ts:70:34)]
    [at async run (turbopack:///[turbopack-node]/child_process/evaluate.ts:89:23)]

Import trace:
  Client Component Browser:
    ./dev/saas/jandfauto/app/globals.css [Client Component Browser]
    ./dev/saas/jandfauto/app/layout.tsx [Server Component] @ http://localhost:3000/_next/static/chunks/044s_next_dist_0~_ocdy._.js:3272
[  798069ms] [ERROR] ./dev/saas/jandfauto/app/globals.css
Error evaluating Node.js code
CssSyntaxError: /Users/isiahchillous/dev/saas/jandfauto/app/globals.css:139:5: The `border-white/8` class does not exist. If `border-white/8` is a custom class, make sure it is defined within a `@layer` directive.
    [at Input.error (turbopack:///[project]/dev/saas/jandfauto/node_modules/postcss/lib/input.js:135:16)]
    [at AtRule.error (turbopack:///[project]/dev/saas/jandfauto/node_modules/postcss/lib/node.js:146:32)]
    [at processApply (/Users/isiahchillous/dev/saas/jandfauto/node_modules/tailwindcss/lib/lib/expandApplyAtRules.js:380:29)]
    [at /Users/isiahchillous/dev/saas/jandfauto/node_modules/tailwindcss/lib/lib/expandApplyAtRules.js:551:9]
    [at /Users/isiahchillous/dev/saas/jandfauto/node_modules/tailwindcss/lib/processTailwindFeatures.js:55:50]
    [at async plugins (/Users/isiahchillous/dev/saas/jandfauto/node_modules/tailwindcss/lib/plugin.js:38:17)]
    [at async LazyResult.runAsync (turbopack:///[project]/dev/saas/jandfauto/node_modules/postcss/lib/lazy-result.js:293:11)]
    [at async transform (turbopack:///[turbopack-node]/transforms/postcss.ts:70:34)]
    [at async run (turbopack:///[turbopack-node]/child_process/evaluate.ts:89:23)]

Import trace:
  Client Component Browser:
    ./dev/saas/jandfauto/app/globals.css [Client Component Browser]
    ./dev/saas/jandfauto/app/layout.tsx [Server Component] @ http://localhost:3000/_next/static/chunks/044s_next_dist_0~_ocdy._.js:3272
[  798175ms] [LOG] [Fast Refresh] rebuilding @ http://localhost:3000/_next/static/chunks/044s_next_dist_0~_ocdy._.js:2431
[  798349ms] [ERROR] ./dev/saas/jandfauto/app/globals.css
Error evaluating Node.js code
CssSyntaxError: /Users/isiahchillous/dev/saas/jandfauto/app/globals.css:139:5: The `border-white/8` class does not exist. If `border-white/8` is a custom class, make sure it is defined within a `@layer` directive.
    [at Input.error (turbopack:///[project]/dev/saas/jandfauto/node_modules/postcss/lib/input.js:135:16)]
    [at AtRule.error (turbopack:///[project]/dev/saas/jandfauto/node_modules/postcss/lib/node.js:146:32)]
    [at processApply (/Users/isiahchillous/dev/saas/jandfauto/node_modules/tailwindcss/lib/lib/expandApplyAtRules.js:380:29)]
    [at /Users/isiahchillous/dev/saas/jandfauto/node_modules/tailwindcss/lib/lib/expandApplyAtRules.js:551:9]
    [at /Users/isiahchillous/dev/saas/jandfauto/node_modules/tailwindcss/lib/processTailwindFeatures.js:55:50]
    [at async plugins (/Users/isiahchillous/dev/saas/jandfauto/node_modules/tailwindcss/lib/plugin.js:38:17)]
    [at async LazyResult.runAsync (turbopack:///[project]/dev/saas/jandfauto/node_modules/postcss/lib/lazy-result.js:293:11)]
    [at async transform (turbopack:///[turbopack-node]/transforms/postcss.ts:70:34)]
    [at async run (turbopack:///[turbopack-node]/child_process/evaluate.ts:89:23)]

Import trace:
  Client Component Browser:
    ./dev/saas/jandfauto/app/globals.css [Client Component Browser]
    ./dev/saas/jandfauto/app/layout.tsx [Server Component] @ http://localhost:3000/_next/static/chunks/044s_next_dist_0~_ocdy._.js:3272
[  798451ms] [LOG] [Fast Refresh] rebuilding @ http://localhost:3000/_next/static/chunks/044s_next_dist_0~_ocdy._.js:2431
[  798573ms] [ERROR] ./dev/saas/jandfauto/app/globals.css
Error evaluating Node.js code
CssSyntaxError: /Users/isiahchillous/dev/saas/jandfauto/app/globals.css:139:5: The `border-white/8` class does not exist. If `border-white/8` is a custom class, make sure it is defined within a `@layer` directive.
    [at Input.error (turbopack:///[project]/dev/saas/jandfauto/node_modules/postcss/lib/input.js:135:16)]
    [at AtRule.error (turbopack:///[project]/dev/saas/jandfauto/node_modules/postcss/lib/node.js:146:32)]
    [at processApply (/Users/isiahchillous/dev/saas/jandfauto/node_modules/tailwindcss/lib/lib/expandApplyAtRules.js:380:29)]
    [at /Users/isiahchillous/dev/saas/jandfauto/node_modules/tailwindcss/lib/lib/expandApplyAtRules.js:551:9]
    [at /Users/isiahchillous/dev/saas/jandfauto/node_modules/tailwindcss/lib/processTailwindFeatures.js:55:50]
    [at async plugins (/Users/isiahchillous/dev/saas/jandfauto/node_modules/tailwindcss/lib/plugin.js:38:17)]
    [at async LazyResult.runAsync (turbopack:///[project]/dev/saas/jandfauto/node_modules/postcss/lib/lazy-result.js:293:11)]
    [at async transform (turbopack:///[turbopack-node]/transforms/postcss.ts:70:34)]
    [at async run (turbopack:///[turbopack-node]/child_process/evaluate.ts:89:23)]

Import trace:
  Client Component Browser:
    ./dev/saas/jandfauto/app/globals.css [Client Component Browser]
    ./dev/saas/jandfauto/app/layout.tsx [Server Component] @ http://localhost:3000/_next/static/chunks/044s_next_dist_0~_ocdy._.js:3272
[  798573ms] [ERROR] Failed to load resource: the server responded with a status of 500 (Internal Server Error) @ http://localhost:3000/?_rsc=wnywt:0
[  798623ms] [ERROR] Failed to load resource: the server responded with a status of 500 (Internal Server Error) @ http://localhost:3000/?_rsc=wnywt:0
[  798640ms] [ERROR] Failed to load resource: the server responded with a status of 500 (Internal Server Error) @ http://localhost:3000/:0
[  798705ms] [INFO] %cDownload the React DevTools for a better development experience: https://react.dev/link/react-devtools font-weight:bold @ http://localhost:3000/_next/static/chunks/044s_react-dom_04n~jq9._.js:15305
[  798734ms] Error: ./dev/saas/jandfauto/app/globals.css
Error evaluating Node.js code
CssSyntaxError: /Users/isiahchillous/dev/saas/jandfauto/app/globals.css:139:5: The `border-white/8` class does not exist. If `border-white/8` is a custom class, make sure it is defined within a `@layer` directive.
    [at Input.error (turbopack:///[project]/dev/saas/jandfauto/node_modules/postcss/lib/input.js:135:16)]
    [at AtRule.error (turbopack:///[project]/dev/saas/jandfauto/node_modules/postcss/lib/node.js:146:32)]
    [at processApply (/Users/isiahchillous/dev/saas/jandfauto/node_modules/tailwindcss/lib/lib/expandApplyAtRules.js:380:29)]
    [at /Users/isiahchillous/dev/saas/jandfauto/node_modules/tailwindcss/lib/lib/expandApplyAtRules.js:551:9]
    [at /Users/isiahchillous/dev/saas/jandfauto/node_modules/tailwindcss/lib/processTailwindFeatures.js:55:50]
    [at async plugins (/Users/isiahchillous/dev/saas/jandfauto/node_modules/tailwindcss/lib/plugin.js:38:17)]
    [at async LazyResult.runAsync (turbopack:///[project]/dev/saas/jandfauto/node_modules/postcss/lib/lazy-result.js:293:11)]
    [at async transform (turbopack:///[turbopack-node]/transforms/postcss.ts:70:34)]
    [at async run (turbopack:///[turbopack-node]/child_process/evaluate.ts:89:23)]

Import trace:
  Client Component Browser:
    ./dev/saas/jandfauto/app/globals.css [Client Component Browser]
    ./dev/saas/jandfauto/app/layout.tsx [Server Component]


    at Object.getCompilationErrors (file:///Users/isiahchillous/dev/saas/jandfauto/node_modules/next/dist/server/dev/hot-reloader-turbopack.js:1186:59)
    at DevBundlerService.getCompilationError (file:///Users/isiahchillous/dev/saas/jandfauto/node_modules/next/dist/server/lib/dev-bundler-service.js:44:55)
    at DevServer.getCompilationError (file:///Users/isiahchillous/dev/saas/jandfauto/node_modules/next/dist/server/dev/next-dev-server.js:719:42)
    at DevServer.findPageComponents (file:///Users/isiahchillous/dev/saas/jandfauto/node_modules/next/dist/server/dev/next-dev-server.js:689:43)
    at async DevServer.renderErrorToResponseImpl (file:///Users/isiahchillous/dev/saas/jandfauto/node_modules/next/dist/server/base-server.js:1745:26)
[  798733ms] [LOG] [HMR] connected @ http://localhost:3000/_next/static/chunks/044s_next_dist_0h2jk04._.js:1226
[  798734ms] [ERROR] ./dev/saas/jandfauto/app/globals.css
Error evaluating Node.js code
CssSyntaxError: /Users/isiahchillous/dev/saas/jandfauto/app/globals.css:139:5: The `border-white/8` class does not exist. If `border-white/8` is a custom class, make sure it is defined within a `@layer` directive.
    [at Input.error (turbopack:///[project]/dev/saas/jandfauto/node_modules/postcss/lib/input.js:135:16)]
    [at AtRule.error (turbopack:///[project]/dev/saas/jandfauto/node_modules/postcss/lib/node.js:146:32)]
    [at processApply (/Users/isiahchillous/dev/saas/jandfauto/node_modules/tailwindcss/lib/lib/expandApplyAtRules.js:380:29)]
    [at /Users/isiahchillous/dev/saas/jandfauto/node_modules/tailwindcss/lib/lib/expandApplyAtRules.js:551:9]
    [at /Users/isiahchillous/dev/saas/jandfauto/node_modules/tailwindcss/lib/processTailwindFeatures.js:55:50]
    [at async plugins (/Users/isiahchillous/dev/saas/jandfauto/node_modules/tailwindcss/lib/plugin.js:38:17)]
    [at async LazyResult.runAsync (turbopack:///[project]/dev/saas/jandfauto/node_modules/postcss/lib/lazy-result.js:293:11)]
    [at async transform (turbopack:///[turbopack-node]/transforms/postcss.ts:70:34)]
    [at async run (turbopack:///[turbopack-node]/child_process/evaluate.ts:89:23)]

Import trace:
  Client Component Browser:
    ./dev/saas/jandfauto/app/globals.css [Client Component Browser]
    ./dev/saas/jandfauto/app/layout.tsx [Server Component] @ http://localhost:3000/_next/static/chunks/044s_next_dist_0h2jk04._.js:1945
[  798734ms] [ERROR] ./dev/saas/jandfauto/app/globals.css
Error evaluating Node.js code
CssSyntaxError: /Users/isiahchillous/dev/saas/jandfauto/app/globals.css:139:5: The `border-white/8` class does not exist. If `border-white/8` is a custom class, make sure it is defined within a `@layer` directive.
    [at Input.error (turbopack:///[project]/dev/saas/jandfauto/node_modules/postcss/lib/input.js:135:16)]
    [at AtRule.error (turbopack:///[project]/dev/saas/jandfauto/node_modules/postcss/lib/node.js:146:32)]
    [at processApply (/Users/isiahchillous/dev/saas/jandfauto/node_modules/tailwindcss/lib/lib/expandApplyAtRules.js:380:29)]
    [at /Users/isiahchillous/dev/saas/jandfauto/node_modules/tailwindcss/lib/lib/expandApplyAtRules.js:551:9]
    [at /Users/isiahchillous/dev/saas/jandfauto/node_modules/tailwindcss/lib/processTailwindFeatures.js:55:50]
    [at async plugins (/Users/isiahchillous/dev/saas/jandfauto/node_modules/tailwindcss/lib/plugin.js:38:17)]
    [at async LazyResult.runAsync (turbopack:///[project]/dev/saas/jandfauto/node_modules/postcss/lib/lazy-result.js:293:11)]
    [at async transform (turbopack:///[turbopack-node]/transforms/postcss.ts:70:34)]
    [at async run (turbopack:///[turbopack-node]/child_process/evaluate.ts:89:23)]

Import trace:
  Client Component Browser:
    ./dev/saas/jandfauto/app/globals.css [Client Component Browser]
    ./dev/saas/jandfauto/app/layout.tsx [Server Component] @ http://localhost:3000/_next/static/chunks/044s_next_dist_0h2jk04._.js:1945
[  798734ms] [ERROR] ./dev/saas/jandfauto/app/globals.css
Error evaluating Node.js code
CssSyntaxError: /Users/isiahchillous/dev/saas/jandfauto/app/globals.css:139:5: The `border-white/8` class does not exist. If `border-white/8` is a custom class, make sure it is defined within a `@layer` directive.
    [at Input.error (turbopack:///[project]/dev/saas/jandfauto/node_modules/postcss/lib/input.js:135:16)]
    [at AtRule.error (turbopack:///[project]/dev/saas/jandfauto/node_modules/postcss/lib/node.js:146:32)]
    [at processApply (/Users/isiahchillous/dev/saas/jandfauto/node_modules/tailwindcss/lib/lib/expandApplyAtRules.js:380:29)]
    [at /Users/isiahchillous/dev/saas/jandfauto/node_modules/tailwindcss/lib/lib/expandApplyAtRules.js:551:9]
    [at /Users/isiahchillous/dev/saas/jandfauto/node_modules/tailwindcss/lib/processTailwindFeatures.js:55:50]
    [at async plugins (/Users/isiahchillous/dev/saas/jandfauto/node_modules/tailwindcss/lib/plugin.js:38:17)]
    [at async LazyResult.runAsync (turbopack:///[project]/dev/saas/jandfauto/node_modules/postcss/lib/lazy-result.js:293:11)]
    [at async transform (turbopack:///[turbopack-node]/transforms/postcss.ts:70:34)]
    [at async run (turbopack:///[turbopack-node]/child_process/evaluate.ts:89:23)]

Import trace:
  Client Component Browser:
    ./dev/saas/jandfauto/app/globals.css [Client Component Browser]
    ./dev/saas/jandfauto/app/layout.tsx [Server Component] @ http://localhost:3000/_next/static/chunks/044s_next_dist_0h2jk04._.js:1945
[  798794ms] [ERROR] ./dev/saas/jandfauto/app/globals.css
Error evaluating Node.js code
CssSyntaxError: /Users/isiahchillous/dev/saas/jandfauto/app/globals.css:139:5: The `border-white/8` class does not exist. If `border-white/8` is a custom class, make sure it is defined within a `@layer` directive.
    [at Input.error (turbopack:///[project]/dev/saas/jandfauto/node_modules/postcss/lib/input.js:135:16)]
    [at AtRule.error (turbopack:///[project]/dev/saas/jandfauto/node_modules/postcss/lib/node.js:146:32)]
    [at processApply (/Users/isiahchillous/dev/saas/jandfauto/node_modules/tailwindcss/lib/lib/expandApplyAtRules.js:380:29)]
    [at /Users/isiahchillous/dev/saas/jandfauto/node_modules/tailwindcss/lib/lib/expandApplyAtRules.js:551:9]
    [at /Users/isiahchillous/dev/saas/jandfauto/node_modules/tailwindcss/lib/processTailwindFeatures.js:55:50]
    [at async plugins (/Users/isiahchillous/dev/saas/jandfauto/node_modules/tailwindcss/lib/plugin.js:38:17)]
    [at async LazyResult.runAsync (turbopack:///[project]/dev/saas/jandfauto/node_modules/postcss/lib/lazy-result.js:293:11)]
    [at async transform (turbopack:///[turbopack-node]/transforms/postcss.ts:70:34)]
    [at async run (turbopack:///[turbopack-node]/child_process/evaluate.ts:89:23)]

Import trace:
  Client Component Browser:
    ./dev/saas/jandfauto/app/globals.css [Client Component Browser]
    ./dev/saas/jandfauto/app/layout.tsx [Server Component] @ http://localhost:3000/_next/static/chunks/044s_next_dist_0h2jk04._.js:1945
[  798845ms] [LOG] [Fast Refresh] rebuilding @ http://localhost:3000/_next/static/chunks/044s_next_dist_0h2jk04._.js:1226
[  798948ms] [ERROR] ./dev/saas/jandfauto/app/globals.css
Error evaluating Node.js code
CssSyntaxError: /Users/isiahchillous/dev/saas/jandfauto/app/globals.css:139:5: The `border-white/8` class does not exist. If `border-white/8` is a custom class, make sure it is defined within a `@layer` directive.
    [at Input.error (turbopack:///[project]/dev/saas/jandfauto/node_modules/postcss/lib/input.js:135:16)]
    [at AtRule.error (turbopack:///[project]/dev/saas/jandfauto/node_modules/postcss/lib/node.js:146:32)]
    [at processApply (/Users/isiahchillous/dev/saas/jandfauto/node_modules/tailwindcss/lib/lib/expandApplyAtRules.js:380:29)]
    [at /Users/isiahchillous/dev/saas/jandfauto/node_modules/tailwindcss/lib/lib/expandApplyAtRules.js:551:9]
    [at /Users/isiahchillous/dev/saas/jandfauto/node_modules/tailwindcss/lib/processTailwindFeatures.js:55:50]
    [at async plugins (/Users/isiahchillous/dev/saas/jandfauto/node_modules/tailwindcss/lib/plugin.js:38:17)]
    [at async LazyResult.runAsync (turbopack:///[project]/dev/saas/jandfauto/node_modules/postcss/lib/lazy-result.js:293:11)]
    [at async transform (turbopack:///[turbopack-node]/transforms/postcss.ts:70:34)]
    [at async run (turbopack:///[turbopack-node]/child_process/evaluate.ts:89:23)]

Import trace:
  Client Component Browser:
    ./dev/saas/jandfauto/app/globals.css [Client Component Browser]
    ./dev/saas/jandfauto/app/layout.tsx [Server Component] @ http://localhost:3000/_next/static/chunks/044s_next_dist_0h2jk04._.js:1945
[  799015ms] [LOG] [Fast Refresh] rebuilding @ http://localhost:3000/_next/static/chunks/044s_next_dist_0h2jk04._.js:1226
[  949574ms] [LOG] [Fast Refresh] rebuilding @ http://localhost:3000/_next/static/chunks/044s_next_dist_0h2jk04._.js:1226
[  949724ms] [ERROR] ./dev/saas/jandfauto/app/globals.css
Error evaluating Node.js code
CssSyntaxError: /Users/isiahchillous/dev/saas/jandfauto/app/globals.css:139:5: The `border-white/8` class does not exist. If `border-white/8` is a custom class, make sure it is defined within a `@layer` directive.
    [at Input.error (turbopack:///[project]/dev/saas/jandfauto/node_modules/postcss/lib/input.js:135:16)]
    [at AtRule.error (turbopack:///[project]/dev/saas/jandfauto/node_modules/postcss/lib/node.js:146:32)]
    [at processApply (/Users/isiahchillous/dev/saas/jandfauto/node_modules/tailwindcss/lib/lib/expandApplyAtRules.js:380:29)]
    [at /Users/isiahchillous/dev/saas/jandfauto/node_modules/tailwindcss/lib/lib/expandApplyAtRules.js:551:9]
    [at /Users/isiahchillous/dev/saas/jandfauto/node_modules/tailwindcss/lib/processTailwindFeatures.js:55:50]
    [at async plugins (/Users/isiahchillous/dev/saas/jandfauto/node_modules/tailwindcss/lib/plugin.js:38:17)]
    [at async LazyResult.runAsync (turbopack:///[project]/dev/saas/jandfauto/node_modules/postcss/lib/lazy-result.js:293:11)]
    [at async transform (turbopack:///[turbopack-node]/transforms/postcss.ts:70:34)]
    [at async run (turbopack:///[turbopack-node]/child_process/evaluate.ts:89:23)]

Import trace:
  Client Component Browser:
    ./dev/saas/jandfauto/app/globals.css [Client Component Browser]
    ./dev/saas/jandfauto/app/layout.tsx [Server Component] @ http://localhost:3000/_next/static/chunks/044s_next_dist_0h2jk04._.js:1945
[  949843ms] [LOG] [Fast Refresh] rebuilding @ http://localhost:3000/_next/static/chunks/044s_next_dist_0h2jk04._.js:1226
[  949872ms] [ERROR] Failed to load resource: the server responded with a status of 500 (Internal Server Error) @ http://localhost:3000/:0
[  949889ms] [INFO] %cDownload the React DevTools for a better development experience: https://react.dev/link/react-devtools font-weight:bold @ http://localhost:3000/_next/static/chunks/044s_react-dom_04n~jq9._.js:15305
[  949898ms] Error: ./dev/saas/jandfauto/app/globals.css
Error evaluating Node.js code
CssSyntaxError: /Users/isiahchillous/dev/saas/jandfauto/app/globals.css:139:5: The `border-white/8` class does not exist. If `border-white/8` is a custom class, make sure it is defined within a `@layer` directive.
    [at Input.error (turbopack:///[project]/dev/saas/jandfauto/node_modules/postcss/lib/input.js:135:16)]
    [at AtRule.error (turbopack:///[project]/dev/saas/jandfauto/node_modules/postcss/lib/node.js:146:32)]
    [at processApply (/Users/isiahchillous/dev/saas/jandfauto/node_modules/tailwindcss/lib/lib/expandApplyAtRules.js:380:29)]
    [at /Users/isiahchillous/dev/saas/jandfauto/node_modules/tailwindcss/lib/lib/expandApplyAtRules.js:551:9]
    [at /Users/isiahchillous/dev/saas/jandfauto/node_modules/tailwindcss/lib/processTailwindFeatures.js:55:50]
    [at async plugins (/Users/isiahchillous/dev/saas/jandfauto/node_modules/tailwindcss/lib/plugin.js:38:17)]
    [at async LazyResult.runAsync (turbopack:///[project]/dev/saas/jandfauto/node_modules/postcss/lib/lazy-result.js:293:11)]
    [at async transform (turbopack:///[turbopack-node]/transforms/postcss.ts:70:34)]
    [at async run (turbopack:///[turbopack-node]/child_process/evaluate.ts:89:23)]

Import trace:
  Client Component Browser:
    ./dev/saas/jandfauto/app/globals.css [Client Component Browser]
    ./dev/saas/jandfauto/app/layout.tsx [Server Component]


    at Object.getCompilationErrors (file:///Users/isiahchillous/dev/saas/jandfauto/node_modules/next/dist/server/dev/hot-reloader-turbopack.js:1186:59)
    at DevBundlerService.getCompilationError (file:///Users/isiahchillous/dev/saas/jandfauto/node_modules/next/dist/server/lib/dev-bundler-service.js:44:55)
    at DevServer.getCompilationError (file:///Users/isiahchillous/dev/saas/jandfauto/node_modules/next/dist/server/dev/next-dev-server.js:719:42)
    at DevServer.findPageComponents (file:///Users/isiahchillous/dev/saas/jandfauto/node_modules/next/dist/server/dev/next-dev-server.js:689:43)
    at async DevServer.renderErrorToResponseImpl (file:///Users/isiahchillous/dev/saas/jandfauto/node_modules/next/dist/server/base-server.js:1745:26)
[  949898ms] [LOG] [HMR] connected @ http://localhost:3000/_next/static/chunks/044s_next_dist_0h2jk04._.js:1226
[  949900ms] [ERROR] ./dev/saas/jandfauto/app/globals.css
Error evaluating Node.js code
CssSyntaxError: /Users/isiahchillous/dev/saas/jandfauto/app/globals.css:139:5: The `border-white/8` class does not exist. If `border-white/8` is a custom class, make sure it is defined within a `@layer` directive.
    [at Input.error (turbopack:///[project]/dev/saas/jandfauto/node_modules/postcss/lib/input.js:135:16)]
    [at AtRule.error (turbopack:///[project]/dev/saas/jandfauto/node_modules/postcss/lib/node.js:146:32)]
    [at processApply (/Users/isiahchillous/dev/saas/jandfauto/node_modules/tailwindcss/lib/lib/expandApplyAtRules.js:380:29)]
    [at /Users/isiahchillous/dev/saas/jandfauto/node_modules/tailwindcss/lib/lib/expandApplyAtRules.js:551:9]
    [at /Users/isiahchillous/dev/saas/jandfauto/node_modules/tailwindcss/lib/processTailwindFeatures.js:55:50]
    [at async plugins (/Users/isiahchillous/dev/saas/jandfauto/node_modules/tailwindcss/lib/plugin.js:38:17)]
    [at async LazyResult.runAsync (turbopack:///[project]/dev/saas/jandfauto/node_modules/postcss/lib/lazy-result.js:293:11)]
    [at async transform (turbopack:///[turbopack-node]/transforms/postcss.ts:70:34)]
    [at async run (turbopack:///[turbopack-node]/child_process/evaluate.ts:89:23)]

Import trace:
  Client Component Browser:
    ./dev/saas/jandfauto/app/globals.css [Client Component Browser]
    ./dev/saas/jandfauto/app/layout.tsx [Server Component] @ http://localhost:3000/_next/static/chunks/044s_next_dist_0h2jk04._.js:1945
[  949901ms] [ERROR] ./dev/saas/jandfauto/app/globals.css
Error evaluating Node.js code
CssSyntaxError: /Users/isiahchillous/dev/saas/jandfauto/app/globals.css:139:5: The `border-white/8` class does not exist. If `border-white/8` is a custom class, make sure it is defined within a `@layer` directive.
    [at Input.error (turbopack:///[project]/dev/saas/jandfauto/node_modules/postcss/lib/input.js:135:16)]
    [at AtRule.error (turbopack:///[project]/dev/saas/jandfauto/node_modules/postcss/lib/node.js:146:32)]
    [at processApply (/Users/isiahchillous/dev/saas/jandfauto/node_modules/tailwindcss/lib/lib/expandApplyAtRules.js:380:29)]
    [at /Users/isiahchillous/dev/saas/jandfauto/node_modules/tailwindcss/lib/lib/expandApplyAtRules.js:551:9]
    [at /Users/isiahchillous/dev/saas/jandfauto/node_modules/tailwindcss/lib/processTailwindFeatures.js:55:50]
    [at async plugins (/Users/isiahchillous/dev/saas/jandfauto/node_modules/tailwindcss/lib/plugin.js:38:17)]
    [at async LazyResult.runAsync (turbopack:///[project]/dev/saas/jandfauto/node_modules/postcss/lib/lazy-result.js:293:11)]
    [at async transform (turbopack:///[turbopack-node]/transforms/postcss.ts:70:34)]
    [at async run (turbopack:///[turbopack-node]/child_process/evaluate.ts:89:23)]

Import trace:
  Client Component Browser:
    ./dev/saas/jandfauto/app/globals.css [Client Component Browser]
    ./dev/saas/jandfauto/app/layout.tsx [Server Component] @ http://localhost:3000/_next/static/chunks/044s_next_dist_0h2jk04._.js:1945
[  949901ms] [ERROR] ./dev/saas/jandfauto/app/globals.css
Error evaluating Node.js code
CssSyntaxError: /Users/isiahchillous/dev/saas/jandfauto/app/globals.css:139:5: The `border-white/8` class does not exist. If `border-white/8` is a custom class, make sure it is defined within a `@layer` directive.
    [at Input.error (turbopack:///[project]/dev/saas/jandfauto/node_modules/postcss/lib/input.js:135:16)]
    [at AtRule.error (turbopack:///[project]/dev/saas/jandfauto/node_modules/postcss/lib/node.js:146:32)]
    [at processApply (/Users/isiahchillous/dev/saas/jandfauto/node_modules/tailwindcss/lib/lib/expandApplyAtRules.js:380:29)]
    [at /Users/isiahchillous/dev/saas/jandfauto/node_modules/tailwindcss/lib/lib/expandApplyAtRules.js:551:9]
    [at /Users/isiahchillous/dev/saas/jandfauto/node_modules/tailwindcss/lib/processTailwindFeatures.js:55:50]
    [at async plugins (/Users/isiahchillous/dev/saas/jandfauto/node_modules/tailwindcss/lib/plugin.js:38:17)]
    [at async LazyResult.runAsync (turbopack:///[project]/dev/saas/jandfauto/node_modules/postcss/lib/lazy-result.js:293:11)]
    [at async transform (turbopack:///[turbopack-node]/transforms/postcss.ts:70:34)]
    [at async run (turbopack:///[turbopack-node]/child_process/evaluate.ts:89:23)]

Import trace:
  Client Component Browser:
    ./dev/saas/jandfauto/app/globals.css [Client Component Browser]
    ./dev/saas/jandfauto/app/layout.tsx [Server Component] @ http://localhost:3000/_next/static/chunks/044s_next_dist_0h2jk04._.js:1945
[  949901ms] [ERROR] ./dev/saas/jandfauto/app/globals.css
Error evaluating Node.js code
CssSyntaxError: /Users/isiahchillous/dev/saas/jandfauto/app/globals.css:139:5: The `border-white/8` class does not exist. If `border-white/8` is a custom class, make sure it is defined within a `@layer` directive.
    [at Input.error (turbopack:///[project]/dev/saas/jandfauto/node_modules/postcss/lib/input.js:135:16)]
    [at AtRule.error (turbopack:///[project]/dev/saas/jandfauto/node_modules/postcss/lib/node.js:146:32)]
    [at processApply (/Users/isiahchillous/dev/saas/jandfauto/node_modules/tailwindcss/lib/lib/expandApplyAtRules.js:380:29)]
    [at /Users/isiahchillous/dev/saas/jandfauto/node_modules/tailwindcss/lib/lib/expandApplyAtRules.js:551:9]
    [at /Users/isiahchillous/dev/saas/jandfauto/node_modules/tailwindcss/lib/processTailwindFeatures.js:55:50]
    [at async plugins (/Users/isiahchillous/dev/saas/jandfauto/node_modules/tailwindcss/lib/plugin.js:38:17)]
    [at async LazyResult.runAsync (turbopack:///[project]/dev/saas/jandfauto/node_modules/postcss/lib/lazy-result.js:293:11)]
    [at async transform (turbopack:///[turbopack-node]/transforms/postcss.ts:70:34)]
    [at async run (turbopack:///[turbopack-node]/child_process/evaluate.ts:89:23)]

Import trace:
  Client Component Browser:
    ./dev/saas/jandfauto/app/globals.css [Client Component Browser]
    ./dev/saas/jandfauto/app/layout.tsx [Server Component] @ http://localhost:3000/_next/static/chunks/044s_next_dist_0h2jk04._.js:1945
[  949933ms] [ERROR] ./dev/saas/jandfauto/app/globals.css
Error evaluating Node.js code
CssSyntaxError: /Users/isiahchillous/dev/saas/jandfauto/app/globals.css:139:5: The `border-white/8` class does not exist. If `border-white/8` is a custom class, make sure it is defined within a `@layer` directive.
    [at Input.error (turbopack:///[project]/dev/saas/jandfauto/node_modules/postcss/lib/input.js:135:16)]
    [at AtRule.error (turbopack:///[project]/dev/saas/jandfauto/node_modules/postcss/lib/node.js:146:32)]
    [at processApply (/Users/isiahchillous/dev/saas/jandfauto/node_modules/tailwindcss/lib/lib/expandApplyAtRules.js:380:29)]
    [at /Users/isiahchillous/dev/saas/jandfauto/node_modules/tailwindcss/lib/lib/expandApplyAtRules.js:551:9]
    [at /Users/isiahchillous/dev/saas/jandfauto/node_modules/tailwindcss/lib/processTailwindFeatures.js:55:50]
    [at async plugins (/Users/isiahchillous/dev/saas/jandfauto/node_modules/tailwindcss/lib/plugin.js:38:17)]
    [at async LazyResult.runAsync (turbopack:///[project]/dev/saas/jandfauto/node_modules/postcss/lib/lazy-result.js:293:11)]
    [at async transform (turbopack:///[turbopack-node]/transforms/postcss.ts:70:34)]
    [at async run (turbopack:///[turbopack-node]/child_process/evaluate.ts:89:23)]

Import trace:
  Client Component Browser:
    ./dev/saas/jandfauto/app/globals.css [Client Component Browser]
    ./dev/saas/jandfauto/app/layout.tsx [Server Component] @ http://localhost:3000/_next/static/chunks/044s_next_dist_0h2jk04._.js:1945
[  950005ms] [LOG] [Fast Refresh] rebuilding @ http://localhost:3000/_next/static/chunks/044s_next_dist_0h2jk04._.js:1226
[ 1061431ms] [LOG] [Fast Refresh] rebuilding @ http://localhost:3000/_next/static/chunks/044s_next_dist_0h2jk04._.js:1226
[ 1061570ms] [ERROR] ./dev/saas/jandfauto/app/globals.css
Error evaluating Node.js code
CssSyntaxError: /Users/isiahchillous/dev/saas/jandfauto/app/globals.css:139:5: The `border-white/8` class does not exist. If `border-white/8` is a custom class, make sure it is defined within a `@layer` directive.
    [at Input.error (turbopack:///[project]/dev/saas/jandfauto/node_modules/postcss/lib/input.js:135:16)]
    [at AtRule.error (turbopack:///[project]/dev/saas/jandfauto/node_modules/postcss/lib/node.js:146:32)]
    [at processApply (/Users/isiahchillous/dev/saas/jandfauto/node_modules/tailwindcss/lib/lib/expandApplyAtRules.js:380:29)]
    [at /Users/isiahchillous/dev/saas/jandfauto/node_modules/tailwindcss/lib/lib/expandApplyAtRules.js:551:9]
    [at /Users/isiahchillous/dev/saas/jandfauto/node_modules/tailwindcss/lib/processTailwindFeatures.js:55:50]
    [at async plugins (/Users/isiahchillous/dev/saas/jandfauto/node_modules/tailwindcss/lib/plugin.js:38:17)]
    [at async LazyResult.runAsync (turbopack:///[project]/dev/saas/jandfauto/node_modules/postcss/lib/lazy-result.js:293:11)]
    [at async transform (turbopack:///[turbopack-node]/transforms/postcss.ts:70:34)]
    [at async run (turbopack:///[turbopack-node]/child_process/evaluate.ts:89:23)]

Import trace:
  Client Component Browser:
    ./dev/saas/jandfauto/app/globals.css [Client Component Browser]
    ./dev/saas/jandfauto/app/layout.tsx [Server Component] @ http://localhost:3000/_next/static/chunks/044s_next_dist_0h2jk04._.js:1945
[ 1061589ms] [ERROR] Failed to load resource: the server responded with a status of 500 (Internal Server Error) @ http://localhost:3000/:0
[ 1061599ms] [INFO] %cDownload the React DevTools for a better development experience: https://react.dev/link/react-devtools font-weight:bold @ http://localhost:3000/_next/static/chunks/044s_react-dom_04n~jq9._.js:15305
[ 1061605ms] Error: ./dev/saas/jandfauto/app/globals.css
Error evaluating Node.js code
CssSyntaxError: /Users/isiahchillous/dev/saas/jandfauto/app/globals.css:139:5: The `border-white/8` class does not exist. If `border-white/8` is a custom class, make sure it is defined within a `@layer` directive.
    [at Input.error (turbopack:///[project]/dev/saas/jandfauto/node_modules/postcss/lib/input.js:135:16)]
    [at AtRule.error (turbopack:///[project]/dev/saas/jandfauto/node_modules/postcss/lib/node.js:146:32)]
    [at processApply (/Users/isiahchillous/dev/saas/jandfauto/node_modules/tailwindcss/lib/lib/expandApplyAtRules.js:380:29)]
    [at /Users/isiahchillous/dev/saas/jandfauto/node_modules/tailwindcss/lib/lib/expandApplyAtRules.js:551:9]
    [at /Users/isiahchillous/dev/saas/jandfauto/node_modules/tailwindcss/lib/processTailwindFeatures.js:55:50]
    [at async plugins (/Users/isiahchillous/dev/saas/jandfauto/node_modules/tailwindcss/lib/plugin.js:38:17)]
    [at async LazyResult.runAsync (turbopack:///[project]/dev/saas/jandfauto/node_modules/postcss/lib/lazy-result.js:293:11)]
    [at async transform (turbopack:///[turbopack-node]/transforms/postcss.ts:70:34)]
    [at async run (turbopack:///[turbopack-node]/child_process/evaluate.ts:89:23)]

Import trace:
  Client Component Browser:
    ./dev/saas/jandfauto/app/globals.css [Client Component Browser]
    ./dev/saas/jandfauto/app/layout.tsx [Server Component]


    at Object.getCompilationErrors (file:///Users/isiahchillous/dev/saas/jandfauto/node_modules/next/dist/server/dev/hot-reloader-turbopack.js:1186:59)
    at DevBundlerService.getCompilationError (file:///Users/isiahchillous/dev/saas/jandfauto/node_modules/next/dist/server/lib/dev-bundler-service.js:44:55)
    at DevServer.getCompilationError (file:///Users/isiahchillous/dev/saas/jandfauto/node_modules/next/dist/server/dev/next-dev-server.js:719:42)
    at DevServer.findPageComponents (file:///Users/isiahchillous/dev/saas/jandfauto/node_modules/next/dist/server/dev/next-dev-server.js:689:43)
    at async DevServer.renderErrorToResponseImpl (file:///Users/isiahchillous/dev/saas/jandfauto/node_modules/next/dist/server/base-server.js:1745:26)
[ 1061617ms] [LOG] [HMR] connected @ http://localhost:3000/_next/static/chunks/044s_next_dist_0h2jk04._.js:1226
[ 1061621ms] [ERROR] ./dev/saas/jandfauto/app/globals.css
Error evaluating Node.js code
CssSyntaxError: /Users/isiahchillous/dev/saas/jandfauto/app/globals.css:139:5: The `border-white/8` class does not exist. If `border-white/8` is a custom class, make sure it is defined within a `@layer` directive.
    [at Input.error (turbopack:///[project]/dev/saas/jandfauto/node_modules/postcss/lib/input.js:135:16)]
    [at AtRule.error (turbopack:///[project]/dev/saas/jandfauto/node_modules/postcss/lib/node.js:146:32)]
    [at processApply (/Users/isiahchillous/dev/saas/jandfauto/node_modules/tailwindcss/lib/lib/expandApplyAtRules.js:380:29)]
    [at /Users/isiahchillous/dev/saas/jandfauto/node_modules/tailwindcss/lib/lib/expandApplyAtRules.js:551:9]
    [at /Users/isiahchillous/dev/saas/jandfauto/node_modules/tailwindcss/lib/processTailwindFeatures.js:55:50]
    [at async plugins (/Users/isiahchillous/dev/saas/jandfauto/node_modules/tailwindcss/lib/plugin.js:38:17)]
    [at async LazyResult.runAsync (turbopack:///[project]/dev/saas/jandfauto/node_modules/postcss/lib/lazy-result.js:293:11)]
    [at async transform (turbopack:///[turbopack-node]/transforms/postcss.ts:70:34)]
    [at async run (turbopack:///[turbopack-node]/child_process/evaluate.ts:89:23)]

Import trace:
  Client Component Browser:
    ./dev/saas/jandfauto/app/globals.css [Client Component Browser]
    ./dev/saas/jandfauto/app/layout.tsx [Server Component] @ http://localhost:3000/_next/static/chunks/044s_next_dist_0h2jk04._.js:1945
[ 1061621ms] [ERROR] ./dev/saas/jandfauto/app/globals.css
Error evaluating Node.js code
CssSyntaxError: /Users/isiahchillous/dev/saas/jandfauto/app/globals.css:139:5: The `border-white/8` class does not exist. If `border-white/8` is a custom class, make sure it is defined within a `@layer` directive.
    [at Input.error (turbopack:///[project]/dev/saas/jandfauto/node_modules/postcss/lib/input.js:135:16)]
    [at AtRule.error (turbopack:///[project]/dev/saas/jandfauto/node_modules/postcss/lib/node.js:146:32)]
    [at processApply (/Users/isiahchillous/dev/saas/jandfauto/node_modules/tailwindcss/lib/lib/expandApplyAtRules.js:380:29)]
    [at /Users/isiahchillous/dev/saas/jandfauto/node_modules/tailwindcss/lib/lib/expandApplyAtRules.js:551:9]
    [at /Users/isiahchillous/dev/saas/jandfauto/node_modules/tailwindcss/lib/processTailwindFeatures.js:55:50]
    [at async plugins (/Users/isiahchillous/dev/saas/jandfauto/node_modules/tailwindcss/lib/plugin.js:38:17)]
    [at async LazyResult.runAsync (turbopack:///[project]/dev/saas/jandfauto/node_modules/postcss/lib/lazy-result.js:293:11)]
    [at async transform (turbopack:///[turbopack-node]/transforms/postcss.ts:70:34)]
    [at async run (turbopack:///[turbopack-node]/child_process/evaluate.ts:89:23)]

Import trace:
  Client Component Browser:
    ./dev/saas/jandfauto/app/globals.css [Client Component Browser]
    ./dev/saas/jandfauto/app/layout.tsx [Server Component] @ http://localhost:3000/_next/static/chunks/044s_next_dist_0h2jk04._.js:1945
[ 1061621ms] [ERROR] ./dev/saas/jandfauto/app/globals.css
Error evaluating Node.js code
CssSyntaxError: /Users/isiahchillous/dev/saas/jandfauto/app/globals.css:139:5: The `border-white/8` class does not exist. If `border-white/8` is a custom class, make sure it is defined within a `@layer` directive.
    [at Input.error (turbopack:///[project]/dev/saas/jandfauto/node_modules/postcss/lib/input.js:135:16)]
    [at AtRule.error (turbopack:///[project]/dev/saas/jandfauto/node_modules/postcss/lib/node.js:146:32)]
    [at processApply (/Users/isiahchillous/dev/saas/jandfauto/node_modules/tailwindcss/lib/lib/expandApplyAtRules.js:380:29)]
    [at /Users/isiahchillous/dev/saas/jandfauto/node_modules/tailwindcss/lib/lib/expandApplyAtRules.js:551:9]
    [at /Users/isiahchillous/dev/saas/jandfauto/node_modules/tailwindcss/lib/processTailwindFeatures.js:55:50]
    [at async plugins (/Users/isiahchillous/dev/saas/jandfauto/node_modules/tailwindcss/lib/plugin.js:38:17)]
    [at async LazyResult.runAsync (turbopack:///[project]/dev/saas/jandfauto/node_modules/postcss/lib/lazy-result.js:293:11)]
    [at async transform (turbopack:///[turbopack-node]/transforms/postcss.ts:70:34)]
    [at async run (turbopack:///[turbopack-node]/child_process/evaluate.ts:89:23)]

Import trace:
  Client Component Browser:
    ./dev/saas/jandfauto/app/globals.css [Client Component Browser]
    ./dev/saas/jandfauto/app/layout.tsx [Server Component] @ http://localhost:3000/_next/static/chunks/044s_next_dist_0h2jk04._.js:1945
[ 1061653ms] [ERROR] ./dev/saas/jandfauto/app/globals.css
Error evaluating Node.js code
CssSyntaxError: /Users/isiahchillous/dev/saas/jandfauto/app/globals.css:139:5: The `border-white/8` class does not exist. If `border-white/8` is a custom class, make sure it is defined within a `@layer` directive.
    [at Input.error (turbopack:///[project]/dev/saas/jandfauto/node_modules/postcss/lib/input.js:135:16)]
    [at AtRule.error (turbopack:///[project]/dev/saas/jandfauto/node_modules/postcss/lib/node.js:146:32)]
    [at processApply (/Users/isiahchillous/dev/saas/jandfauto/node_modules/tailwindcss/lib/lib/expandApplyAtRules.js:380:29)]
    [at /Users/isiahchillous/dev/saas/jandfauto/node_modules/tailwindcss/lib/lib/expandApplyAtRules.js:551:9]
    [at /Users/isiahchillous/dev/saas/jandfauto/node_modules/tailwindcss/lib/processTailwindFeatures.js:55:50]
    [at async plugins (/Users/isiahchillous/dev/saas/jandfauto/node_modules/tailwindcss/lib/plugin.js:38:17)]
    [at async LazyResult.runAsync (turbopack:///[project]/dev/saas/jandfauto/node_modules/postcss/lib/lazy-result.js:293:11)]
    [at async transform (turbopack:///[turbopack-node]/transforms/postcss.ts:70:34)]
    [at async run (turbopack:///[turbopack-node]/child_process/evaluate.ts:89:23)]

Import trace:
  Client Component Browser:
    ./dev/saas/jandfauto/app/globals.css [Client Component Browser]
    ./dev/saas/jandfauto/app/layout.tsx [Server Component] @ http://localhost:3000/_next/static/chunks/044s_next_dist_0h2jk04._.js:1945
[ 1061721ms] [LOG] [Fast Refresh] rebuilding @ http://localhost:3000/_next/static/chunks/044s_next_dist_0h2jk04._.js:1226
[ 1421667ms] [ERROR] ./dev/saas/jandfauto/app/globals.css
Error evaluating Node.js code
CssSyntaxError: /Users/isiahchillous/dev/saas/jandfauto/app/globals.css:139:5: The `border-white/8` class does not exist. If `border-white/8` is a custom class, make sure it is defined within a `@layer` directive.
    [at Input.error (turbopack:///[project]/dev/saas/jandfauto/node_modules/postcss/lib/input.js:135:16)]
    [at AtRule.error (turbopack:///[project]/dev/saas/jandfauto/node_modules/postcss/lib/node.js:146:32)]
    [at processApply (/Users/isiahchillous/dev/saas/jandfauto/node_modules/tailwindcss/lib/lib/expandApplyAtRules.js:380:29)]
    [at /Users/isiahchillous/dev/saas/jandfauto/node_modules/tailwindcss/lib/lib/expandApplyAtRules.js:551:9]
    [at /Users/isiahchillous/dev/saas/jandfauto/node_modules/tailwindcss/lib/processTailwindFeatures.js:55:50]
    [at async plugins (/Users/isiahchillous/dev/saas/jandfauto/node_modules/tailwindcss/lib/plugin.js:38:17)]
    [at async LazyResult.runAsync (turbopack:///[project]/dev/saas/jandfauto/node_modules/postcss/lib/lazy-result.js:293:11)]
    [at async transform (turbopack:///[turbopack-node]/transforms/postcss.ts:70:34)]
    [at async run (turbopack:///[turbopack-node]/child_process/evaluate.ts:89:23)]

Import trace:
  Client Component Browser:
    ./dev/saas/jandfauto/app/globals.css [Client Component Browser]
    ./dev/saas/jandfauto/app/layout.tsx [Server Component] @ http://localhost:3000/_next/static/chunks/044s_next_dist_0h2jk04._.js:1945
[ 1421743ms] [LOG] [Fast Refresh] rebuilding @ http://localhost:3000/_next/static/chunks/044s_next_dist_0h2jk04._.js:1226
[ 1542482ms] [LOG] [Fast Refresh] rebuilding @ http://localhost:3000/_next/static/chunks/044s_next_dist_0h2jk04._.js:1226
[ 1543037ms] [ERROR] ./dev/saas/jandfauto/app/globals.css
Error evaluating Node.js code
CssSyntaxError: /Users/isiahchillous/dev/saas/jandfauto/app/globals.css:139:5: The `border-white/8` class does not exist. If `border-white/8` is a custom class, make sure it is defined within a `@layer` directive.
    [at Input.error (turbopack:///[project]/dev/saas/jandfauto/node_modules/postcss/lib/input.js:135:16)]
    [at AtRule.error (turbopack:///[project]/dev/saas/jandfauto/node_modules/postcss/lib/node.js:146:32)]
    [at processApply (/Users/isiahchillous/dev/saas/jandfauto/node_modules/tailwindcss/lib/lib/expandApplyAtRules.js:380:29)]
    [at /Users/isiahchillous/dev/saas/jandfauto/node_modules/tailwindcss/lib/lib/expandApplyAtRules.js:551:9]
    [at /Users/isiahchillous/dev/saas/jandfauto/node_modules/tailwindcss/lib/processTailwindFeatures.js:55:50]
    [at async plugins (/Users/isiahchillous/dev/saas/jandfauto/node_modules/tailwindcss/lib/plugin.js:38:17)]
    [at async LazyResult.runAsync (turbopack:///[project]/dev/saas/jandfauto/node_modules/postcss/lib/lazy-result.js:293:11)]
    [at async transform (turbopack:///[turbopack-node]/transforms/postcss.ts:70:34)]
    [at async run (turbopack:///[turbopack-node]/child_process/evaluate.ts:89:23)]

Import trace:
  Client Component Browser:
    ./dev/saas/jandfauto/app/globals.css [Client Component Browser]
    ./dev/saas/jandfauto/app/layout.tsx [Server Component] @ http://localhost:3000/_next/static/chunks/044s_next_dist_0h2jk04._.js:1945
[ 1657630ms] [LOG] [Fast Refresh] rebuilding @ http://localhost:3000/_next/static/chunks/044s_next_dist_0h2jk04._.js:1226
[ 1658175ms] [LOG] [Fast Refresh] done in 466ms @ http://localhost:3000/_next/static/chunks/044s_next_dist_0h2jk04._.js:1226
[ 1659611ms] [INFO] %cDownload the React DevTools for a better development experience: https://react.dev/link/react-devtools font-weight:bold @ http://localhost:3000/_next/static/chunks/044s_next_dist_0~_ocdy._.js:2431
[ 1659647ms] [LOG] [HMR] connected @ http://localhost:3000/_next/static/chunks/044s_next_dist_0~_ocdy._.js:2431
[ 1659720ms] Error: Hydration failed because the server rendered HTML didn't match the client. As a result this tree will be regenerated on the client. This can happen if a SSR-ed Client Component used:

- A server/client branch `if (typeof window !== 'undefined')`.
- Variable input such as `Date.now()` or `Math.random()` which changes each time it's called.
- Date formatting in a user's locale which doesn't match the server.
- External changing data without sending a snapshot of it along with the HTML.
- Invalid HTML tag nesting.

It can also happen if the client has a browser extension installed which messes with the HTML before React loaded.

https://react.dev/link/hydration-mismatch

  ...
    <InnerLayoutRouter url="/" tree={[...]} params={{}} cacheNode={{rsc:{...}, ...}} segmentPath={[...]} ...>
      <SegmentViewNode type="page" pagePath="page.tsx">
        <SegmentTrieNode>
        <Home>
          <PublicShell>
            <div className="page-shell">
              <PublicHeader>
                <header className="sticky top...">
                  ...
                    <Dialog>
                      <DialogProvider scope={undefined} triggerRef={{current:null}} contentRef={{current:null}} ...>
                        <DialogTrigger asChild={true}>
                          <Primitive.button type="button" aria-haspopup="dialog" aria-expanded={false} ...>
                            <Primitive.button.Slot type="button" aria-haspopup="dialog" aria-expanded={false} ...>
                              <Primitive.button.SlotClone type="button" aria-haspopup="dialog" aria-expanded={false} ...>
+                               <button
+                                 className={"inline-flex items-center justify-center gap-2 whitespace-nowrap font-se..."}
+                                 type="button"
+                                 aria-haspopup="dialog"
+                                 aria-expanded={false}
+                                 aria-controls="radix-_R_fclrlb_"
+                                 data-state="closed"
+                                 onClick={function handleEvent}
+                                 ref={function}
+                               >
                        ...
              ...
      ...

    at throwOnHydrationMismatch (http://localhost:3000/_next/static/chunks/044s_next_dist_compiled_react-dom_0-~c8.d._.js:3318:56)
    at beginWork (http://localhost:3000/_next/static/chunks/044s_next_dist_compiled_react-dom_0-~c8.d._.js:6758:918)
    at runWithFiberInDEV (http://localhost:3000/_next/static/chunks/044s_next_dist_compiled_react-dom_0-~c8.d._.js:965:74)
    at performUnitOfWork (http://localhost:3000/_next/static/chunks/044s_next_dist_compiled_react-dom_0-~c8.d._.js:9555:97)
    at workLoopConcurrentByScheduler (http://localhost:3000/_next/static/chunks/044s_next_dist_compiled_react-dom_0-~c8.d._.js:9551:58)
    at renderRootConcurrent (http://localhost:3000/_next/static/chunks/044s_next_dist_compiled_react-dom_0-~c8.d._.js:9534:71)
    at performWorkOnRoot (http://localhost:3000/_next/static/chunks/044s_next_dist_compiled_react-dom_0-~c8.d._.js:9061:150)
    at performWorkOnRootViaSchedulerTask (http://localhost:3000/_next/static/chunks/044s_next_dist_compiled_react-dom_0-~c8.d._.js:10255:9)
    at MessagePort.performWorkUntilDeadline (http://localhost:3000/_next/static/chunks/044s_next_dist_compiled_11ryzwx._.js:2647:64)
[ 1812524ms] [LOG] [Fast Refresh] rebuilding @ http://localhost:3000/_next/static/chunks/044s_next_dist_0~_ocdy._.js:2431
[ 1812734ms] [LOG] [Fast Refresh] done in 190ms @ http://localhost:3000/_next/static/chunks/044s_next_dist_0~_ocdy._.js:2431
[ 1813449ms] [LOG] [Fast Refresh] rebuilding @ http://localhost:3000/_next/static/chunks/044s_next_dist_0~_ocdy._.js:2431
[ 1813761ms] [LOG] [Fast Refresh] done in 412ms @ http://localhost:3000/_next/static/chunks/044s_next_dist_0~_ocdy._.js:2431
[ 1865888ms] [LOG] [Fast Refresh] rebuilding @ http://localhost:3000/_next/static/chunks/044s_next_dist_0~_ocdy._.js:2431
[ 1865936ms] [LOG] [Fast Refresh] done in 47ms @ http://localhost:3000/_next/static/chunks/044s_next_dist_0~_ocdy._.js:2431
[ 1929477ms] [LOG] [Fast Refresh] rebuilding @ http://localhost:3000/_next/static/chunks/044s_next_dist_0~_ocdy._.js:2431
[ 1930076ms] [LOG] [Fast Refresh] done in 700ms @ http://localhost:3000/_next/static/chunks/044s_next_dist_0~_ocdy._.js:2431
[ 1930391ms] [LOG] [Fast Refresh] rebuilding @ http://localhost:3000/_next/static/chunks/044s_next_dist_0~_ocdy._.js:2431
[ 1930490ms] [LOG] [Fast Refresh] done in 200ms @ http://localhost:3000/_next/static/chunks/044s_next_dist_0~_ocdy._.js:2431
[ 1931006ms] [LOG] [Fast Refresh] rebuilding @ http://localhost:3000/_next/static/chunks/044s_next_dist_0~_ocdy._.js:2431
[ 1931027ms] [LOG] [Fast Refresh] done in 123ms @ http://localhost:3000/_next/static/chunks/044s_next_dist_0~_ocdy._.js:2431
[ 1946029ms] [LOG] [Fast Refresh] rebuilding @ http://localhost:3000/_next/static/chunks/044s_next_dist_0~_ocdy._.js:2431
[ 1947053ms] [LOG] [Fast Refresh] done in 1125ms @ http://localhost:3000/_next/static/chunks/044s_next_dist_0~_ocdy._.js:2431
